app/build/outputs/logs/manifest-merger-debug-report.txt
-- Merging decision tree log ---
manifest
ADDED from AndroidManifest.xml:1:1
	xmlns:android
		ADDED from AndroidManifest.xml:1:11
	package
		ADDED from AndroidManifest.xml:2:5
		INJECTED from AndroidManifest.xml:0:0
		INJECTED from AndroidManifest.xml:0:0
	android:versionName
		ADDED from AndroidManifest.xml:5:5
	android:versionCode
		ADDED from AndroidManifest.xml:3:5
		INJECTED from AndroidManifest.xml:0:0
		INJECTED from AndroidManifest.xml:0:0
	android:installLocation
		ADDED from AndroidManifest.xml:4:5
uses-sdk
ADDED from AndroidManifest.xml:7:5
MERGED from com.android.support:support-v4:21.0.3:15:5
	android:targetSdkVersion
		ADDED from AndroidManifest.xml:7:42
		INJECTED from AndroidManifest.xml:0:0
		INJECTED from AndroidManifest.xml:0:0
	android:minSdkVersion
		ADDED from AndroidManifest.xml:7:15
		INJECTED from AndroidManifest.xml:0:0
		INJECTED from AndroidManifest.xml:0:0
uses-permission#android.permission.WRITE_SETTINGS
ADDED from AndroidManifest.xml:9:2
	android:name
		ADDED from AndroidManifest.xml:9:19
uses-permission#android.permission.WRITE_EXTERNAL_STORAGE
ADDED from AndroidManifest.xml:10:2
	android:name
		ADDED from AndroidManifest.xml:10:19
uses-permission#android.permission.ACCESS_NETWORK_STATE
ADDED from AndroidManifest.xml:11:2
	android:name
		ADDED from AndroidManifest.xml:11:19
uses-permission#android.permission.INTERNET
ADDED from AndroidManifest.xml:12:2
	android:name
		ADDED from AndroidManifest.xml:12:19
application
ADDED from AndroidManifest.xml:14:6
MERGED from com.android.support:support-v4:21.0.3:16:5
	android:label
		ADDED from AndroidManifest.xml:16:9
	android:allowBackup
		ADDED from AndroidManifest.xml:17:9
	android:icon
		ADDED from AndroidManifest.xml:15:9
	android:name
		ADDED from AndroidManifest.xml:18:9
activity#com.vi.StartScreenActivity
ADDED from AndroidManifest.xml:20:6
	android:theme
		ADDED from AndroidManifest.xml:20:52
	android:name
		ADDED from AndroidManifest.xml:20:16
intent-filter#android.intent.action.MAIN+android.intent.category.LAUNCHER
ADDED from AndroidManifest.xml:21:7
action#android.intent.action.MAIN
ADDED from AndroidManifest.xml:22:17
	android:name
		ADDED from AndroidManifest.xml:22:25
category#android.intent.category.LAUNCHER
ADDED from AndroidManifest.xml:23:17
	android:name
		ADDED from AndroidManifest.xml:23:27
activity#com.vi.MainActivity
ADDED from AndroidManifest.xml:27:10
	android:configChanges
		ADDED from AndroidManifest.xml:27:89
	android:theme
		ADDED from AndroidManifest.xml:27:49
	android:name
		ADDED from AndroidManifest.xml:27:20
activity#com.vi.FeedMainActivity
ADDED from AndroidManifest.xml:35:9
	android:configChanges
		ADDED from AndroidManifest.xml:35:92
	android:theme
		ADDED from AndroidManifest.xml:35:52
	android:name
		ADDED from AndroidManifest.xml:35:19
activity#com.vi.FeedMainItemActivity
ADDED from AndroidManifest.xml:36:9
	android:configChanges
		ADDED from AndroidManifest.xml:36:96
	android:theme
		ADDED from AndroidManifest.xml:36:56
	android:name
		ADDED from AndroidManifest.xml:36:19
activity#com.vi.FeedMainItemLocalActivity
ADDED from AndroidManifest.xml:37:9
	android:configChanges
		ADDED from AndroidManifest.xml:37:101
	android:theme
		ADDED from AndroidManifest.xml:37:61
	android:name
		ADDED from AndroidManifest.xml:37:19
activity#com.vi.FeedMainItemLocal100Activity
ADDED from AndroidManifest.xml:38:9
	android:configChanges
		ADDED from AndroidManifest.xml:38:104
	android:theme
		ADDED from AndroidManifest.xml:38:64
	android:name
		ADDED from AndroidManifest.xml:38:19
activity#com.vi.FeedItemActivity
ADDED from AndroidManifest.xml:39:10
	android:configChanges
		ADDED from AndroidManifest.xml:39:104
	android:theme
		ADDED from AndroidManifest.xml:39:53
	android:name
		ADDED from AndroidManifest.xml:39:20
activity#com.vi.ThaviMemberPrefActivity
ADDED from AndroidManifest.xml:40:10
	android:configChanges
		ADDED from AndroidManifest.xml:40:111
	android:theme
		ADDED from AndroidManifest.xml:40:60
	android:name
		ADDED from AndroidManifest.xml:40:20
activity#com.vi.FeedPrefActivity
ADDED from AndroidManifest.xml:41:9
	android:configChanges
		ADDED from AndroidManifest.xml:41:103
	android:theme
		ADDED from AndroidManifest.xml:41:52
	android:name
		ADDED from AndroidManifest.xml:41:19
meta-data#splash_screen_duration
ADDED from AndroidManifest.xml:44:10
	android:name
		ADDED from AndroidManifest.xml:44:21
	android:value
		ADDED from AndroidManifest.xml:44:59
meta-data#dynamic_mode
ADDED from AndroidManifest.xml:45:9
	android:name
		ADDED from AndroidManifest.xml:45:20
	android:value
		ADDED from AndroidManifest.xml:45:48
meta-data#show_update_startup_dialog
ADDED from AndroidManifest.xml:46:9
	android:name
		ADDED from AndroidManifest.xml:46:20
	android:value
		ADDED from AndroidManifest.xml:46:62